[25Apr2025 00:01:14.294] [Server thread/WARN] [net.minecraft.server.MinecraftServer/]: Can't keep up! Is the server overloaded? Running 2015ms or 40 ticks behind
[25Apr2025 00:05:44.412] [ForkJoinPool.commonPool-worker-15/WARN] [SkinRestorer/]: Failed to fetch skin: not found
[25Apr2025 00:05:44.443] [Server thread/INFO] [net.minecraft.server.players.PlayerList/]: ElAkakali[/127.145.101.247:55645] logged in with entity id 79467 at (-626.883283404947, 97.0, -1141.7416950726165)
[25Apr2025 00:05:44.491] [Server thread/INFO] [net.minecraft.server.MinecraftServer/]: ElAkakali joined the game
[25Apr2025 00:05:44.518] [Server thread/INFO] [Jade/]: Syncing config to ElAkakali (c3be4512-043b-3a98-8589-7936244c6859)
[25Apr2025 00:05:45.026] [Server thread/INFO] [voicechat/]: [voicechat] Received secret request of ElAkakali (18)
[25Apr2025 00:05:45.026] [Server thread/INFO] [voicechat/]: [voicechat] Sent secret to ElAkakali
[25Apr2025 00:05:51.878] [VoiceChatPacketProcessingThread/INFO] [voicechat/]: [voicechat] Successfully authenticated player c3be4512-043b-3a98-8589-7936244c6859
[25Apr2025 00:05:51.891] [Server thread/WARN] [net.minecraft.server.MinecraftServer/]: Can't keep up! Is the server overloaded? Running 2011ms or 40 ticks behind
[25Apr2025 00:05:52.879] [VoiceChatPacketProcessingThread/INFO] [voicechat/]: [voicechat] Successfully validated connection of player c3be4512-043b-3a98-8589-7936244c6859
[25Apr2025 00:05:52.879] [VoiceChatPacketProcessingThread/INFO] [voicechat/]: [voicechat] Player ElAkakali (c3be4512-043b-3a98-8589-7936244c6859) successfully connected to voice chat
[25Apr2025 00:06:14.301] [Server thread/WARN] [net.minecraft.server.MinecraftServer/]: Can't keep up! Is the server overloaded? Running 7421ms or 148 ticks behind
[25Apr2025 00:06:33.565] [Server thread/WARN] [net.minecraft.server.MinecraftServer/]: Can't keep up! Is the server overloaded? Running 4286ms or 85 ticks behind
[25Apr2025 00:06:53.032] [Server thread/WARN] [net.minecraft.server.MinecraftServer/]: Can't keep up! Is the server overloaded? Running 4503ms or 90 ticks behind
[25Apr2025 00:07:12.635] [Server thread/WARN] [net.minecraft.server.MinecraftServer/]: Can't keep up! Is the server overloaded? Running 4605ms or 92 ticks behind
[25Apr2025 00:07:32.192] [Server thread/WARN] [net.minecraft.server.MinecraftServer/]: Can't keep up! Is the server overloaded? Running 4563ms or 91 ticks behind
[25Apr2025 00:07:50.836] [Server thread/WARN] [net.minecraft.server.MinecraftServer/]: Can't keep up! Is the server overloaded? Running 3656ms or 73 ticks behind
[25Apr2025 00:08:09.779] [Server thread/WARN] [net.minecraft.server.MinecraftServer/]: Can't keep up! Is the server overloaded? Running 3949ms or 78 ticks behind
[25Apr2025 00:08:29.313] [Server thread/WARN] [net.minecraft.server.MinecraftServer/]: Can't keep up! Is the server overloaded? Running 4583ms or 91 ticks behind
[25Apr2025 00:08:47.485] [Server thread/WARN] [net.minecraft.server.MinecraftServer/]: Can't keep up! Is the server overloaded? Running 3205ms or 64 ticks behind
[25Apr2025 00:09:06.049] [Server thread/WARN] [net.minecraft.server.MinecraftServer/]: Can't keep up! Is the server overloaded? Running 3569ms or 71 ticks behind
[25Apr2025 00:09:25.539] [Server thread/WARN] [net.minecraft.server.MinecraftServer/]: Can't keep up! Is the server overloaded? Running 4509ms or 90 ticks behind
[25Apr2025 00:09:44.516] [Server thread/WARN] [net.minecraft.server.MinecraftServer/]: Can't keep up! Is the server overloaded? Running 3986ms or 79 ticks behind
[25Apr2025 00:10:03.108] [Server thread/WARN] [net.minecraft.server.MinecraftServer/]: Can't keep up! Is the server overloaded? Running 3628ms or 72 ticks behind
[25Apr2025 00:10:21.952] [Server thread/WARN] [net.minecraft.server.MinecraftServer/]: Can't keep up! Is the server overloaded? Running 3872ms or 77 ticks behind
[25Apr2025 00:10:40.957] [Server thread/WARN] [net.minecraft.server.MinecraftServer/]: Can't keep up! Is the server overloaded? Running 4027ms or 80 ticks behind
[25Apr2025 00:10:59.608] [Server thread/WARN] [net.minecraft.server.MinecraftServer/]: Can't keep up! Is the server overloaded? Running 3679ms or 73 ticks behind
[25Apr2025 00:11:17.843] [Server thread/WARN] [net.minecraft.server.MinecraftServer/]: Can't keep up! Is the server overloaded? Running 3263ms or 65 ticks behind
[25Apr2025 00:11:36.734] [Server thread/WARN] [net.minecraft.server.MinecraftServer/]: Can't keep up! Is the server overloaded? Running 3904ms or 78 ticks behind
[25Apr2025 00:11:48.943] [Server thread/INFO] [net.minecraft.server.network.ServerGamePacketListenerImpl/]: ElAkakali lost connection: Disconnected
[25Apr2025 00:11:48.943] [Server thread/INFO] [net.minecraft.server.MinecraftServer/]: ElAkakali left the game
[25Apr2025 00:11:48.944] [Server thread/INFO] [voicechat/]: [voicechat] Disconnecting client ElAkakali
[25Apr2025 00:11:54.180] [Server thread/WARN] [net.minecraft.server.MinecraftServer/]: Can't keep up! Is the server overloaded? Running 2450ms or 49 ticks behind
[25Apr2025 00:15:33.962] [ForkJoinPool.commonPool-worker-17/WARN] [SkinRestorer/]: Failed to fetch skin: not found
[25Apr2025 00:15:33.986] [Server thread/INFO] [net.minecraft.server.players.PlayerList/]: ElAkakali[/127.145.101.247:38183] logged in with entity id 85573 at (-603.4928597470378, 145.0, -1205.2991697950451)
[25Apr2025 00:15:34.019] [Server thread/INFO] [net.minecraft.server.MinecraftServer/]: ElAkakali joined the game
[25Apr2025 00:15:34.043] [Server thread/INFO] [Jade/]: Syncing config to ElAkakali (c3be4512-043b-3a98-8589-7936244c6859)
[25Apr2025 00:15:34.709] [Server thread/INFO] [voicechat/]: [voicechat] Received secret request of ElAkakali (18)
[25Apr2025 00:15:34.709] [Server thread/INFO] [voicechat/]: [voicechat] Sent secret to ElAkakali
[25Apr2025 00:15:43.091] [VoiceChatPacketProcessingThread/INFO] [voicechat/]: [voicechat] Successfully authenticated player c3be4512-043b-3a98-8589-7936244c6859
[25Apr2025 00:15:44.092] [VoiceChatPacketProcessingThread/INFO] [voicechat/]: [voicechat] Successfully validated connection of player c3be4512-043b-3a98-8589-7936244c6859
[25Apr2025 00:15:44.092] [VoiceChatPacketProcessingThread/INFO] [voicechat/]: [voicechat] Player ElAkakali (c3be4512-043b-3a98-8589-7936244c6859) successfully connected to voice chat
[25Apr2025 00:21:44.776] [Server thread/INFO] [net.minecraft.server.MinecraftServer/]: [Not Secure] <ElAkakali> -569 82 -1133
[25Apr2025 00:21:51.724] [Server thread/INFO] [net.minecraft.server.MinecraftServer/]: [Not Secure] <_BandoWasHere_> raid
[25Apr2025 00:21:57.896] [Server thread/INFO] [net.minecraft.server.MinecraftServer/]: [Not Secure] <ElAkakali> xd
[25Apr2025 00:24:02.075] [Server thread/INFO] [net.minecraft.server.MinecraftServer/]: Torig10 has reached the goal [Home Sweet Home]
[25Apr2025 00:25:38.192] [Server thread/INFO] [net.minecraft.server.MinecraftServer/]: Torig10 fell from a high place
[25Apr2025 00:25:38.199] [Server thread/INFO] [com.tiviacz.travelersbackpack.TravelersBackpack/]: Created new backpack backup file for Torig10 with unique ID travelersbackpack.fox_25.04.2025-00.25.38.dat
[25Apr2025 00:25:38.200] [Server thread/INFO] [tombstone/]: The player Torig10 has successfully been saved
[25Apr2025 00:26:10.244] [Server thread/INFO] [net.minecraft.server.MinecraftServer/]: [Torig10: Set own game mode to Creative Mode]
[25Apr2025 00:26:19.656] [Server thread/INFO] [net.minecraft.server.MinecraftServer/]: [Torig10: Set own game mode to Survival Mode]
[25Apr2025 00:26:35.733] [Server thread/INFO] [net.minecraft.server.MinecraftServer/]: ElAkakali fell from a high place
[25Apr2025 00:26:35.735] [Server thread/INFO] [tombstone/]: The player ElAkakali has successfully been saved
[25Apr2025 00:27:30.200] [Server thread/INFO] [net.minecraft.server.network.ServerGamePacketListenerImpl/]: ElAkakali lost connection: Disconnected
[25Apr2025 00:27:30.201] [Server thread/INFO] [net.minecraft.server.MinecraftServer/]: ElAkakali left the game
[25Apr2025 00:27:30.201] [Server thread/INFO] [voicechat/]: [voicechat] Disconnecting client ElAkakali
[25Apr2025 00:32:54.287] [Server thread/WARN] [net.minecraft.server.network.ServerGamePacketListenerImpl/]: Torig10 moved wrongly!
[25Apr2025 00:34:14.578] [Server thread/WARN] [net.minecraft.server.level.ServerPlayerGameMode/]: Mismatch in destroy block pos: BlockPos{x=-538, y=46, z=1120} BlockPos{x=-538, y=47, z=1120}
[25Apr2025 00:34:29.010] [Server thread/WARN] [net.minecraft.server.level.ServerPlayerGameMode/]: Mismatch in destroy block pos: BlockPos{x=-539, y=46, z=1120} BlockPos{x=-539, y=47, z=1120}
[25Apr2025 00:36:08.122] [Server thread/INFO] [net.minecraft.server.network.ServerLoginPacketListenerImpl/]: com.mojang.authlib.GameProfile@41f0b6f2[id=<null>,name=ElAkakali,properties={},legacy=false] (/127.145.101.247:54587) lost connection: Disconnected
[25Apr2025 00:36:21.027] [ForkJoinPool.commonPool-worker-21/WARN] [SkinRestorer/]: Failed to fetch skin: not found
[25Apr2025 00:36:21.082] [Server thread/INFO] [net.minecraft.server.players.PlayerList/]: ElAkakali[/127.145.101.247:47193] logged in with entity id 102757 at (-577.3000000119209, 42.0, -1134.699999988079)
[25Apr2025 00:36:21.115] [Server thread/INFO] [net.minecraft.server.MinecraftServer/]: ElAkakali joined the game
[25Apr2025 00:36:21.135] [Server thread/INFO] [Jade/]: Syncing config to ElAkakali (c3be4512-043b-3a98-8589-7936244c6859)
[25Apr2025 00:36:23.095] [Server thread/INFO] [voicechat/]: [voicechat] Received secret request of ElAkakali (18)
[25Apr2025 00:36:23.096] [Server thread/INFO] [voicechat/]: [voicechat] Sent secret to ElAkakali
[25Apr2025 00:36:39.845] [VoiceChatPacketProcessingThread/INFO] [voicechat/]: [voicechat] Successfully authenticated player c3be4512-043b-3a98-8589-7936244c6859
[25Apr2025 00:36:40.821] [VoiceChatPacketProcessingThread/INFO] [voicechat/]: [voicechat] Successfully validated connection of player c3be4512-043b-3a98-8589-7936244c6859
[25Apr2025 00:36:40.821] [VoiceChatPacketProcessingThread/INFO] [voicechat/]: [voicechat] Player ElAkakali (c3be4512-043b-3a98-8589-7936244c6859) successfully connected to voice chat
[25Apr2025 00:36:51.121] [Server thread/INFO] [net.minecraft.server.network.ServerGamePacketListenerImpl/]: ElAkakali lost connection: Disconnected
[25Apr2025 00:36:51.121] [Server thread/INFO] [net.minecraft.server.MinecraftServer/]: ElAkakali left the game
[25Apr2025 00:36:51.122] [Server thread/INFO] [voicechat/]: [voicechat] Disconnecting client ElAkakali
[25Apr2025 00:36:51.178] [Server thread/WARN] [net.minecraft.network.Connection/]: handleDisconnection() called twice
[25Apr2025 00:37:21.352] [ForkJoinPool.commonPool-worker-21/WARN] [SkinRestorer/]: Failed to fetch skin: not found
[25Apr2025 00:37:21.383] [Server thread/INFO] [net.minecraft.server.players.PlayerList/]: ElAkakali[/127.145.101.247:48129] logged in with entity id 103518 at (-577.3000000119209, 42.0, -1134.699999988079)
[25Apr2025 00:37:21.413] [Server thread/INFO] [net.minecraft.server.MinecraftServer/]: ElAkakali joined the game
[25Apr2025 00:37:21.432] [Server thread/INFO] [Jade/]: Syncing config to ElAkakali (c3be4512-043b-3a98-8589-7936244c6859)
[25Apr2025 00:37:23.022] [Server thread/INFO] [voicechat/]: [voicechat] Received secret request of ElAkakali (18)
[25Apr2025 00:37:23.022] [Server thread/INFO] [voicechat/]: [voicechat] Sent secret to ElAkakali
[25Apr2025 00:37:38.716] [VoiceChatPacketProcessingThread/INFO] [voicechat/]: [voicechat] Successfully authenticated player c3be4512-043b-3a98-8589-7936244c6859
[25Apr2025 00:37:39.759] [VoiceChatPacketProcessingThread/INFO] [voicechat/]: [voicechat] Successfully validated connection of player c3be4512-043b-3a98-8589-7936244c6859
[25Apr2025 00:37:39.759] [VoiceChatPacketProcessingThread/INFO] [voicechat/]: [voicechat] Player ElAkakali (c3be4512-043b-3a98-8589-7936244c6859) successfully connected to voice chat
[25Apr2025 00:37:51.468] [Server thread/INFO] [net.minecraft.server.network.ServerGamePacketListenerImpl/]: ElAkakali lost connection: Timed out
[25Apr2025 00:37:51.468] [Server thread/INFO] [net.minecraft.server.MinecraftServer/]: ElAkakali left the game
[25Apr2025 00:37:51.469] [Server thread/INFO] [voicechat/]: [voicechat] Disconnecting client ElAkakali
[25Apr2025 00:39:11.173] [ForkJoinPool.commonPool-worker-23/WARN] [SkinRestorer/]: Failed to fetch skin: not found
[25Apr2025 00:39:11.228] [Server thread/INFO] [net.minecraft.server.players.PlayerList/]: ElAkakali[/127.145.101.247:40039] logged in with entity id 105366 at (-577.3000000119209, 42.0, -1134.699999988079)
[25Apr2025 00:39:11.255] [Server thread/INFO] [net.minecraft.server.MinecraftServer/]: ElAkakali joined the game
[25Apr2025 00:39:11.272] [Server thread/INFO] [Jade/]: Syncing config to ElAkakali (c3be4512-043b-3a98-8589-7936244c6859)
[25Apr2025 00:39:12.285] [Server thread/INFO] [voicechat/]: [voicechat] Received secret request of ElAkakali (18)
[25Apr2025 00:39:12.285] [Server thread/INFO] [voicechat/]: [voicechat] Sent secret to ElAkakali
[25Apr2025 00:39:25.818] [VoiceChatPacketProcessingThread/INFO] [voicechat/]: [voicechat] Successfully authenticated player c3be4512-043b-3a98-8589-7936244c6859
[25Apr2025 00:39:26.765] [VoiceChatPacketProcessingThread/INFO] [voicechat/]: [voicechat] Successfully validated connection of player c3be4512-043b-3a98-8589-7936244c6859
[25Apr2025 00:39:26.765] [VoiceChatPacketProcessingThread/INFO] [voicechat/]: [voicechat] Player ElAkakali (c3be4512-043b-3a98-8589-7936244c6859) successfully connected to voice chat
[25Apr2025 00:39:36.578] [Server thread/INFO] [net.minecraft.server.players.PlayerList/]: Morningblues[/127.101.45.224:43589] logged in with entity id 106035 at (-8.5, 64.0, -1.5)
[25Apr2025 00:39:36.610] [Server thread/INFO] [net.minecraft.server.MinecraftServer/]: Morningblues joined the game
[25Apr2025 00:39:36.669] [Server thread/INFO] [Jade/]: Syncing config to Morningblues (de0ecc8d-eb74-3d40-af98-3bc8c808c9b1)
[25Apr2025 00:39:37.515] [Server thread/INFO] [voicechat/]: [voicechat] Received secret request of Morningblues (18)
[25Apr2025 00:39:37.515] [Server thread/INFO] [voicechat/]: [voicechat] Sent secret to Morningblues
[25Apr2025 00:39:39.980] [Server thread/WARN] [net.minecraft.server.MinecraftServer/]: Can't keep up! Is the server overloaded? Running 2001ms or 40 ticks behind
[25Apr2025 00:39:41.353] [Server thread/INFO] [net.minecraft.server.network.ServerGamePacketListenerImpl/]: ElAkakali lost connection: Timed out
[25Apr2025 00:39:41.353] [Server thread/INFO] [net.minecraft.server.MinecraftServer/]: ElAkakali left the game
[25Apr2025 00:39:41.354] [Server thread/INFO] [voicechat/]: [voicechat] Disconnecting client ElAkakali
[25Apr2025 00:39:46.504] [VoiceChatPacketProcessingThread/INFO] [voicechat/]: [voicechat] Successfully authenticated player de0ecc8d-eb74-3d40-af98-3bc8c808c9b1
[25Apr2025 00:39:47.506] [VoiceChatPacketProcessingThread/INFO] [voicechat/]: [voicechat] Successfully validated connection of player de0ecc8d-eb74-3d40-af98-3bc8c808c9b1
[25Apr2025 00:39:47.507] [VoiceChatPacketProcessingThread/INFO] [voicechat/]: [voicechat] Player Morningblues (de0ecc8d-eb74-3d40-af98-3bc8c808c9b1) successfully connected to voice chat
[25Apr2025 00:39:58.937] [ForkJoinPool.commonPool-worker-23/WARN] [SkinRestorer/]: Failed to fetch skin: not found
[25Apr2025 00:39:58.988] [Server thread/INFO] [net.minecraft.server.players.PlayerList/]: ElAkakali[/127.145.101.247:55871] logged in with entity id 106582 at (-577.3000000119209, 42.0, -1134.699999988079)
[25Apr2025 00:39:59.013] [Server thread/INFO] [net.minecraft.server.MinecraftServer/]: ElAkakali joined the game
[25Apr2025 00:39:59.033] [Server thread/INFO] [Jade/]: Syncing config to ElAkakali (c3be4512-043b-3a98-8589-7936244c6859)
[25Apr2025 00:39:59.138] [Server thread/WARN] [net.minecraft.server.MinecraftServer/]: Can't keep up! Is the server overloaded? Running 2008ms or 40 ticks behind
[25Apr2025 00:40:00.076] [Server thread/INFO] [voicechat/]: [voicechat] Received secret request of ElAkakali (18)
[25Apr2025 00:40:00.076] [Server thread/INFO] [voicechat/]: [voicechat] Sent secret to ElAkakali
[25Apr2025 00:40:15.602] [VoiceChatPacketProcessingThread/INFO] [voicechat/]: [voicechat] Successfully authenticated player c3be4512-043b-3a98-8589-7936244c6859
[25Apr2025 00:40:17.541] [VoiceChatPacketProcessingThread/INFO] [voicechat/]: [voicechat] Successfully validated connection of player c3be4512-043b-3a98-8589-7936244c6859
[25Apr2025 00:40:17.541] [VoiceChatPacketProcessingThread/INFO] [voicechat/]: [voicechat] Player ElAkakali (c3be4512-043b-3a98-8589-7936244c6859) successfully connected to voice chat
[25Apr2025 00:40:19.337] [Server thread/WARN] [net.minecraft.server.MinecraftServer/]: Can't keep up! Is the server overloaded? Running 5207ms or 104 ticks behind
[25Apr2025 00:40:29.085] [Server thread/INFO] [net.minecraft.server.network.ServerGamePacketListenerImpl/]: ElAkakali lost connection: Timed out
[25Apr2025 00:40:29.086] [Server thread/INFO] [net.minecraft.server.MinecraftServer/]: ElAkakali left the game
[25Apr2025 00:40:29.086] [Server thread/INFO] [voicechat/]: [voicechat] Disconnecting client ElAkakali
[25Apr2025 00:40:36.757] [Server thread/WARN] [net.minecraft.server.MinecraftServer/]: Can't keep up! Is the server overloaded? Running 2428ms or 48 ticks behind
[25Apr2025 00:41:01.183] [Server thread/WARN] [net.minecraft.server.MinecraftServer/]: Can't keep up! Is the server overloaded? Running 2003ms or 40 ticks behind
[25Apr2025 00:41:26.134] [Server thread/WARN] [net.minecraft.server.MinecraftServer/]: Can't keep up! Is the server overloaded? Running 2005ms or 40 ticks behind
[25Apr2025 00:41:34.587] [Server thread/INFO] [net.minecraft.server.MinecraftServer/]: [Torig10: Set own game mode to Creative Mode]
[25Apr2025 00:41:44.571] [Server thread/INFO] [net.minecraft.server.MinecraftServer/]: [Torig10: Teleported Torig10 to Morningblues]
[25Apr2025 00:41:46.801] [Server thread/INFO] [net.minecraft.server.MinecraftServer/]: [Torig10: Set own game mode to Survival Mode]
[25Apr2025 00:42:20.843] [ForkJoinPool.commonPool-worker-22/WARN] [SkinRestorer/]: Failed to fetch skin: not found
[25Apr2025 00:42:20.886] [Server thread/INFO] [net.minecraft.server.players.PlayerList/]: ElAkakali[/127.145.101.247:52971] logged in with entity id 109948 at (-577.3000000119209, 42.0, -1134.699999988079)
[25Apr2025 00:42:20.911] [Server thread/INFO] [net.minecraft.server.MinecraftServer/]: ElAkakali joined the game
[25Apr2025 00:42:20.928] [Server thread/INFO] [Jade/]: Syncing config to ElAkakali (c3be4512-043b-3a98-8589-7936244c6859)
[25Apr2025 00:42:22.846] [Server thread/INFO] [voicechat/]: [voicechat] Received secret request of ElAkakali (18)
[25Apr2025 00:42:22.846] [Server thread/INFO] [voicechat/]: [voicechat] Sent secret to ElAkakali
[25Apr2025 00:42:39.737] [Server thread/WARN] [net.minecraft.server.MinecraftServer/]: Can't keep up! Is the server overloaded? Running 2007ms or 40 ticks behind
[25Apr2025 00:42:44.498] [VoiceChatPacketProcessingThread/INFO] [voicechat/]: [voicechat] Successfully authenticated player c3be4512-043b-3a98-8589-7936244c6859
[25Apr2025 00:42:45.488] [VoiceChatPacketProcessingThread/INFO] [voicechat/]: [voicechat] Successfully validated connection of player c3be4512-043b-3a98-8589-7936244c6859
[25Apr2025 00:42:45.488] [VoiceChatPacketProcessingThread/INFO] [voicechat/]: [voicechat] Player ElAkakali (c3be4512-043b-3a98-8589-7936244c6859) successfully connected to voice chat
[25Apr2025 00:42:50.942] [Server thread/INFO] [net.minecraft.server.network.ServerGamePacketListenerImpl/]: ElAkakali lost connection: Timed out
[25Apr2025 00:42:50.942] [Server thread/INFO] [net.minecraft.server.MinecraftServer/]: ElAkakali left the game
[25Apr2025 00:42:50.943] [Server thread/INFO] [voicechat/]: [voicechat] Disconnecting client ElAkakali
[25Apr2025 00:43:04.273] [Server thread/INFO] [net.minecraft.server.MinecraftServer/]: Morningblues has made the advancement [Alex's Mobs]
[25Apr2025 00:43:36.213] [ForkJoinPool.commonPool-worker-25/WARN] [SkinRestorer/]: Failed to fetch skin: not found
[25Apr2025 00:43:36.231] [Server thread/INFO] [net.minecraft.server.players.PlayerList/]: ElAkakali[/127.145.101.247:50365] logged in with entity id 111357 at (-577.3000000119209, 42.0, -1134.699999988079)
[25Apr2025 00:43:36.254] [Server thread/INFO] [net.minecraft.server.MinecraftServer/]: ElAkakali joined the game
[25Apr2025 00:43:36.272] [Server thread/INFO] [Jade/]: Syncing config to ElAkakali (c3be4512-043b-3a98-8589-7936244c6859)
[25Apr2025 00:43:37.102] [Server thread/INFO] [voicechat/]: [voicechat] Received secret request of ElAkakali (18)
[25Apr2025 00:43:37.102] [Server thread/INFO] [voicechat/]: [voicechat] Sent secret to ElAkakali
[25Apr2025 00:43:43.055] [Server thread/INFO] [net.minecraft.server.MinecraftServer/]: [Torig10: Teleported ElAkakali to Torig10]
[25Apr2025 00:44:02.178] [VoiceChatPacketProcessingThread/INFO] [voicechat/]: [voicechat] Successfully authenticated player c3be4512-043b-3a98-8589-7936244c6859
[25Apr2025 00:44:04.186] [VoiceChatPacketProcessingThread/INFO] [voicechat/]: [voicechat] Successfully validated connection of player c3be4512-043b-3a98-8589-7936244c6859
[25Apr2025 00:44:04.186] [VoiceChatPacketProcessingThread/INFO] [voicechat/]: [voicechat] Player ElAkakali (c3be4512-043b-3a98-8589-7936244c6859) successfully connected to voice chat
[25Apr2025 00:44:06.375] [Server thread/INFO] [net.minecraft.server.network.ServerGamePacketListenerImpl/]: ElAkakali lost connection: Timed out
[25Apr2025 00:44:06.375] [Server thread/INFO] [net.minecraft.server.MinecraftServer/]: ElAkakali left the game
[25Apr2025 00:44:06.376] [Server thread/INFO] [voicechat/]: [voicechat] Disconnecting client ElAkakali
[25Apr2025 00:44:50.770] [ForkJoinPool.commonPool-worker-26/WARN] [SkinRestorer/]: Failed to fetch skin: not found
[25Apr2025 00:44:50.825] [Server thread/INFO] [net.minecraft.server.players.PlayerList/]: ElAkakali[/127.145.101.247:58059] logged in with entity id 112319 at (-26.084222250291365, 72.0, 11.482678396654666)
[25Apr2025 00:44:50.851] [Server thread/INFO] [net.minecraft.server.MinecraftServer/]: ElAkakali joined the game
[25Apr2025 00:44:50.939] [Server thread/INFO] [Jade/]: Syncing config to ElAkakali (c3be4512-043b-3a98-8589-7936244c6859)
[25Apr2025 00:44:52.727] [Server thread/INFO] [voicechat/]: [voicechat] Received secret request of ElAkakali (18)
[25Apr2025 00:44:52.728] [Server thread/INFO] [voicechat/]: [voicechat] Sent secret to ElAkakali
[25Apr2025 00:45:09.679] [Server thread/INFO] [net.minecraft.server.MinecraftServer/]: ElAkakali was slain by Torig10
[25Apr2025 00:45:09.686] [Server thread/INFO] [tombstone/]: The player ElAkakali has successfully been saved
[25Apr2025 00:45:20.965] [Server thread/INFO] [net.minecraft.server.network.ServerGamePacketListenerImpl/]: ElAkakali lost connection: Timed out
[25Apr2025 00:45:20.966] [Server thread/INFO] [net.minecraft.server.MinecraftServer/]: ElAkakali left the game
[25Apr2025 00:45:20.966] [Server thread/INFO] [voicechat/]: [voicechat] Disconnecting client ElAkakali
[25Apr2025 00:45:46.076] [Server thread/INFO] [net.minecraft.server.MinecraftServer/]: Morningblues has made the advancement [Cover Me with Diamonds]
[25Apr2025 00:45:46.077] [Server thread/INFO] [net.minecraft.server.MinecraftServer/]: Morningblues has made the advancement [Stone Age]
[25Apr2025 00:45:46.079] [Server thread/INFO] [net.minecraft.server.MinecraftServer/]: Morningblues has made the advancement [Acquire Hardware]
[25Apr2025 00:45:46.082] [Server thread/INFO] [net.minecraft.server.MinecraftServer/]: Morningblues has made the advancement [Knowledge of Death]
[25Apr2025 00:45:46.082] [Server thread/INFO] [net.minecraft.server.MinecraftServer/]: Morningblues has made the advancement [Funeral Theft]
[25Apr2025 00:45:46.083] [Server thread/INFO] [net.minecraft.server.MinecraftServer/]: Morningblues has reached the goal [Discreet Search]
[25Apr2025 00:45:46.140] [Server thread/INFO] [net.minecraft.server.MinecraftServer/]: Morningblues has made the advancement [Magery]
[25Apr2025 00:46:30.357] [ForkJoinPool.commonPool-worker-27/WARN] [SkinRestorer/]: Failed to fetch skin: not found
[25Apr2025 00:46:30.377] [Server thread/INFO] [net.minecraft.server.players.PlayerList/]: ElAkakali[/127.145.101.247:58831] logged in with entity id 113433 at (-26.084222250291365, 72.0, 11.482678396654666)
[25Apr2025 00:46:30.406] [Server thread/INFO] [net.minecraft.server.MinecraftServer/]: ElAkakali joined the game
[25Apr2025 00:46:30.462] [Server thread/INFO] [Jade/]: Syncing config to ElAkakali (c3be4512-043b-3a98-8589-7936244c6859)
[25Apr2025 00:46:31.565] [Server thread/INFO] [voicechat/]: [voicechat] Received secret request of ElAkakali (18)
[25Apr2025 00:46:31.565] [Server thread/INFO] [voicechat/]: [voicechat] Sent secret to ElAkakali
[25Apr2025 00:47:30.516] [Server thread/INFO] [net.minecraft.server.network.ServerGamePacketListenerImpl/]: ElAkakali lost connection: Timed out
[25Apr2025 00:47:30.517] [Server thread/INFO] [net.minecraft.server.MinecraftServer/]: ElAkakali left the game
[25Apr2025 00:47:30.517] [Server thread/INFO] [voicechat/]: [voicechat] Disconnecting client ElAkakali
[25Apr2025 00:48:24.327] [Server thread/INFO] [net.minecraft.server.MinecraftServer/]: Stopping the server
[25Apr2025 00:48:24.352] [Server thread/INFO] [net.minecraft.server.MinecraftServer/]: Stopping server
[25Apr2025 00:48:24.355] [Server thread/INFO] [net.minecraft.server.MinecraftServer/]: Saving players
[25Apr2025 00:48:24.375] [Server thread/INFO] [net.minecraft.server.network.ServerGamePacketListenerImpl/]: Morningblues lost connection: Server closed
[25Apr2025 00:48:24.375] [Server thread/INFO] [net.minecraft.server.MinecraftServer/]: Morningblues left the game
[25Apr2025 00:48:24.378] [Server thread/INFO] [net.minecraft.server.MinecraftServer/]: Saving worlds
[25Apr2025 00:48:24.693] [Server thread/INFO] [net.minecraft.server.MinecraftServer/]: Saving chunks for level 'ServerLevel[world]'/minecraft:overworld
[25Apr2025 00:48:25.796] [Server thread/INFO] [net.minecraft.server.MinecraftServer/]: Saving chunks for level 'ServerLevel[world]'/minecraft:the_nether
[25Apr2025 00:48:25.796] [Server thread/INFO] [net.minecraft.server.MinecraftServer/]: Saving chunks for level 'ServerLevel[world]'/aether:the_aether
[25Apr2025 00:48:25.797] [Server thread/INFO] [net.minecraft.server.MinecraftServer/]: Saving chunks for level 'ServerLevel[world]'/ad_astra:mars
[25Apr2025 00:48:25.797] [Server thread/INFO] [net.minecraft.server.MinecraftServer/]: Saving chunks for level 'ServerLevel[world]'/deeperdarker:otherside
[25Apr2025 00:48:25.798] [Server thread/INFO] [net.minecraft.server.MinecraftServer/]: Saving chunks for level 'ServerLevel[world]'/ad_astra:glacio
[25Apr2025 00:48:25.799] [Server thread/INFO] [net.minecraft.server.MinecraftServer/]: Saving chunks for level 'ServerLevel[world]'/ad_astra:venus_orbit
[25Apr2025 00:48:25.799] [Server thread/INFO] [net.minecraft.server.MinecraftServer/]: Saving chunks for level 'ServerLevel[world]'/minecraft:the_end
[25Apr2025 00:48:25.800] [Server thread/INFO] [net.minecraft.server.MinecraftServer/]: Saving chunks for level 'ServerLevel[world]'/ad_astra:moon_orbit
[25Apr2025 00:48:25.800] [Server thread/INFO] [net.minecraft.server.MinecraftServer/]: Saving chunks for level 'ServerLevel[world]'/ad_astra:moon
[25Apr2025 00:48:25.801] [Server thread/INFO] [net.minecraft.server.MinecraftServer/]: Saving chunks for level 'ServerLevel[world]'/ad_astra:venus
[25Apr2025 00:48:25.801] [Server thread/INFO] [net.minecraft.server.MinecraftServer/]: Saving chunks for level 'ServerLevel[world]'/ad_astra:glacio_orbit
[25Apr2025 00:48:25.802] [Server thread/INFO] [net.minecraft.server.MinecraftServer/]: Saving chunks for level 'ServerLevel[world]'/ad_astra:mercury_orbit
[25Apr2025 00:48:25.803] [Server thread/INFO] [net.minecraft.server.MinecraftServer/]: Saving chunks for level 'ServerLevel[world]'/ad_astra:mercury
[25Apr2025 00:48:25.804] [Server thread/INFO] [net.minecraft.server.MinecraftServer/]: Saving chunks for level 'ServerLevel[world]'/ad_astra:earth_orbit
[25Apr2025 00:48:25.805] [Server thread/INFO] [net.minecraft.server.MinecraftServer/]: Saving chunks for level 'ServerLevel[world]'/ad_astra:mars_orbit
[25Apr2025 00:48:25.871] [Server thread/INFO] [net.minecraft.server.MinecraftServer/]: ThreadedAnvilChunkStorage (world): All chunks are saved
[25Apr2025 00:48:25.871] [Server thread/INFO] [net.minecraft.server.MinecraftServer/]: ThreadedAnvilChunkStorage (DIM-1): All chunks are saved
[25Apr2025 00:48:25.871] [Server thread/INFO] [net.minecraft.server.MinecraftServer/]: ThreadedAnvilChunkStorage (the_aether): All chunks are saved
[25Apr2025 00:48:25.871] [Server thread/INFO] [net.minecraft.server.MinecraftServer/]: ThreadedAnvilChunkStorage (mars): All chunks are saved
[25Apr2025 00:48:25.871] [Server thread/INFO] [net.minecraft.server.MinecraftServer/]: ThreadedAnvilChunkStorage (otherside): All chunks are saved
[25Apr2025 00:48:25.871] [Server thread/INFO] [net.minecraft.server.MinecraftServer/]: ThreadedAnvilChunkStorage (glacio): All chunks are saved
[25Apr2025 00:48:25.871] [Server thread/INFO] [net.minecraft.server.MinecraftServer/]: ThreadedAnvilChunkStorage (venus_orbit): All chunks are saved
[25Apr2025 00:48:25.871] [Server thread/INFO] [net.minecraft.server.MinecraftServer/]: ThreadedAnvilChunkStorage (DIM1): All chunks are saved
[25Apr2025 00:48:25.871] [Server thread/INFO] [net.minecraft.server.MinecraftServer/]: ThreadedAnvilChunkStorage (moon_orbit): All chunks are saved
[25Apr2025 00:48:25.871] [Server thread/INFO] [net.minecraft.server.MinecraftServer/]: ThreadedAnvilChunkStorage (moon): All chunks are saved
[25Apr2025 00:48:25.871] [Server thread/INFO] [net.minecraft.server.MinecraftServer/]: ThreadedAnvilChunkStorage (venus): All chunks are saved
[25Apr2025 00:48:25.871] [Server thread/INFO] [net.minecraft.server.MinecraftServer/]: ThreadedAnvilChunkStorage (glacio_orbit): All chunks are saved
[25Apr2025 00:48:25.872] [Server thread/INFO] [net.minecraft.server.MinecraftServer/]: ThreadedAnvilChunkStorage (mercury_orbit): All chunks are saved
[25Apr2025 00:48:25.872] [Server thread/INFO] [net.minecraft.server.MinecraftServer/]: ThreadedAnvilChunkStorage (mercury): All chunks are saved
[25Apr2025 00:48:25.872] [Server thread/INFO] [net.minecraft.server.MinecraftServer/]: ThreadedAnvilChunkStorage (earth_orbit): All chunks are saved
[25Apr2025 00:48:25.872] [Server thread/INFO] [net.minecraft.server.MinecraftServer/]: ThreadedAnvilChunkStorage (mars_orbit): All chunks are saved
[25Apr2025 00:48:25.872] [Server thread/INFO] [net.minecraft.server.MinecraftServer/]: ThreadedAnvilChunkStorage: All dimensions are saved
